make all --print-data-base --no-builtin-variables --no-builtin-rules --question
# GNU Make 4.2.1
# Built for x86_64-pc-linux-gnu
# Copyright (C) 1988-2016 Free Software Foundation, Inc.
# License GPLv3+: GNU GPL version 3 or later <http://gnu.org/licenses/gpl.html>
# This is free software: you are free to change and redistribute it.
# There is NO WARRANTY, to the extent permitted by law.

# Make data base, printed on Fri Dec 10 00:30:58 2021

# Variables

# automatic
<D = $(patsubst %/,%,$(dir $<))
# automatic
?F = $(notdir $?)
# environment
WSLENV = VSCODE_WSL_EXT_LOCATION/up
# default
.SHELLFLAGS := -c
# environment
VSCODE_AGENT_FOLDER = /home/varun/.vscode-server
# environment
VSCODE_LOG_NATIVE = false
# automatic
?D = $(patsubst %/,%,$(dir $?))
# automatic
@D = $(patsubst %/,%,$(dir $@))
# automatic
@F = $(notdir $@)
# makefile
CURDIR := /home/varun/dev/go/src/cms.csesoc.unsw.edu.au
# makefile
SHELL = /bin/sh
# environment
VSCODE_NLS_CONFIG = {"locale":"en","availableLanguages":{}}
# environment
_ = /home/varun/.vscode-server/bin/ccbaa2d27e38e5afa3e5c21c1c7bef4657064247/node
# makefile (from 'Makefile', line 1)
MAKEFILE_LIST :=  Makefile
# environment
GO111MODULE = on
# 'override' directive
GNUMAKEFLAGS := 
# environment
VSCODE_AMD_ENTRYPOINT = vs/server/remoteExtensionHostProcess
# environment
VSCODE_VERBOSE_LOGGING = true
# environment
VSCODE_CWD = /mnt/c/Users/varun/AppData/Local/Programs/Microsoft VS Code
# environment
GOPROXY = https://proxy.golang.org,direct
# default
MAKE_HOST := x86_64-pc-linux-gnu
# environment
PATH = /home/varun/.vscode-server/bin/ccbaa2d27e38e5afa3e5c21c1c7bef4657064247/bin:/home/varun/.zinit/plugins/tj---git-extras:/home/varun/.zinit/plugins/vim---vim:/home/varun/.zinit/plugins/docker---compose:/home/varun/.zinit/polaris/bin:/usr/local/sbin:/usr/local/bin:/usr/sbin:/usr/bin:/sbin:/bin:/usr/games:/usr/local/games:/usr/lib/wsl/lib:/mnt/c/Program Files/Common Files/Oracle/Java/javapath:/mnt/c/Program Files (x86)/Common Files/Oracle/Java/javapath:/mnt/c/Windows/system32:/mnt/c/Windows:/mnt/c/Windows/System32/Wbem:/mnt/c/Windows/System32/WindowsPowerShell/v1.0/:/mnt/c/Windows/System32/OpenSSH/:/mnt/c/Program Files (x86)/NVIDIA Corporation/PhysX/Common:/mnt/c/Program Files/NVIDIA Corporation/NVIDIA NvDLISR:/mnt/c/Program Files/Docker/Docker/resources/bin:/mnt/c/ProgramData/DockerDesktop/version-bin:/mnt/c/Program Files/Git/cmd:/mnt/c/Users/varun/AppData/Local/Microsoft/WindowsApps:/mnt/c/Users/varun/AppData/Local/Programs/Microsoft VS Code/bin:/mnt/c/Users/varun/AppData/Local/GitHubDesktop/bin:/usr/bin/go
# environment
LSCOLORS = Gxfxcxdxbxegedabagacad
# environment
WinHome = /mnt/c/Users/varun/linux
# environment
GOPATH = /home/varun/go:/home/varun/dev/go
# environment
VSCODE_LOG_STACK = false
# environment
VSCODE_IPC_HOOK_CLI = /tmp/vscode-ipc-3d127c64-bad7-42c1-84ba-22c782e8458c.sock
# default
.FEATURES := target-specific order-only second-expansion else-if shortest-stem undefine oneshell archives jobserver output-sync check-symlink load
# environment
LS_COLORS = ow=01;36;40
# automatic
%F = $(notdir $%)
# environment
GOBIN = /usr/bin/go
# environment
DISPLAY = 172.29.192.1:0
# environment
VSCODE_PIPE_LOGGING = true
# environment
PWD = /home/varun/dev/go/src/cms.csesoc.unsw.edu.au
# default
.LOADED := 
# environment
WSL_INTEROP = /run/WSL/11_interop
# environment
GOMODCACHE = /home/varun/go/pkg/mod
# environment
HOME = /home/varun
# environment
LOGNAME = varun
# environment
APPLICATION_INSIGHTS_NO_DIAGNOSTIC_CHANNEL = true
# environment
ZSH = /home/varun/.oh-my-zsh
# environment
VSCODE_HANDLES_UNCAUGHT_ERRORS = true
# automatic
^D = $(patsubst %/,%,$(dir $^))
# environment
MAKELEVEL := 0
# default
MAKE = $(MAKE_COMMAND)
# default
MAKECMDGOALS := all
# environment
SHLVL = 0
# default
MAKE_VERSION := 4.2.1
# environment
USER = varun
# makefile
.DEFAULT_GOAL := dev
# environment
NAME = DESKTOP-D5DJ3K5
# environment
LESS = -R
# automatic
%D = $(patsubst %/,%,$(dir $%))
# environment
VSCODE_WSL_EXT_LOCATION = /mnt/c/Users/varun/.vscode/extensions/ms-vscode-remote.remote-wsl-0.58.5
# default
MAKE_COMMAND := make
# environment
ZPFX = /home/varun/.zinit/polaris
# environment
OLDPWD = /mnt/c/Users/varun/AppData/Local/Programs/Microsoft VS Code
# environment
ZSH_CACHE_DIR = /home/varun/.oh-my-zsh/cache
# default
.VARIABLES := 
# automatic
*F = $(notdir $*)
# makefile
MAKEFLAGS = pqrR
# makefile (from 'Makefile', line 1)
SERVICE := go-hotreload
# environment
MFLAGS = -pqrR
# automatic
*D = $(patsubst %/,%,$(dir $*))
# automatic
+D = $(patsubst %/,%,$(dir $+))
# automatic
+F = $(notdir $+)
# environment
PMSPEC = 0uUpiPsf
# default
MAKEFILES := 
# automatic
<F = $(notdir $<)
# environment
LIBGL_ALWAYS_INDIRECT = 0
# environment
PAGER = less
# environment
LC_ALL = C
# environment
HOSTTYPE = x86_64
# automatic
^F = $(notdir $^)
# default
SUFFIXES := 
# default
.INCLUDE_DIRS = /usr/include /usr/local/include /usr/include
# environment
VSCODE_INJECT_NODE_MODULE_LOOKUP_PATH = /home/varun/.vscode-server/bin/ccbaa2d27e38e5afa3e5c21c1c7bef4657064247/remote/node_modules
# default
.RECIPEPREFIX := 
# environment
LANG = C
# environment
TERM = xterm-256color
# environment
VSCODE_EXTHOST_WILL_SEND_SOCKET = true
# environment
WSL_DISTRO_NAME = Ubuntu-20.04
# variable set hash-table stats:
# Load=82/1024=8%, Rehash=0, Collisions=6/107=6%

# Pattern-specific Variable Values

# No pattern-specific variable values.

# Directories

# . (device 2064, inode 422301): 14 files, no impossibilities.

# 14 files, no impossibilities in 1 directories.

# Implicit Rules

# No implicit rules.

# Files

pg:
#  Implicit rule search has not been done.
#  Modification time never checked.
#  File has not been updated.
#  recipe to execute (from 'Makefile', line 14):
	docker volume prune; \
	docker-compose \
	--env-file=./Config/.env.dev \
	up --build

# Not a target:
all:
#  Command line target.
#  Implicit rule search has been done.
#  File does not exist.
#  File has not been updated.

# Not a target:
Makefile:
#  Implicit rule search has been done.
#  Last modified 2021-12-05 13:24:23.38
#  File has been updated.
#  Successfully updated.

dev:
#  Implicit rule search has not been done.
#  Modification time never checked.
#  File has not been updated.
#  recipe to execute (from 'Makefile', line 4):
	docker-compose \
	--env-file=./Config/.env.dev \
	up

# Not a target:
.DEFAULT:
#  Implicit rule search has not been done.
#  Modification time never checked.
#  File has not been updated.

clean:
#  Implicit rule search has not been done.
#  Modification time never checked.
#  File has not been updated.
#  recipe to execute (from 'Makefile', line 20):
	docker-compose \
	--env-file=./Config/.env.dev \
	down

dev-build:
#  Implicit rule search has not been done.
#  Modification time never checked.
#  File has not been updated.
#  recipe to execute (from 'Makefile', line 9):
	docker-compose \
	--env-file=./Config/.env.dev \
	up --build

# files hash-table stats:
# Load=8/1024=1%, Rehash=0, Collisions=0/18=0%
# VPATH Search Paths

# No 'vpath' search paths.

# No general ('VPATH' variable) search path.

# strcache buffers: 1 (0) / strings = 23 / storage = 198 B / avg = 8 B
# current buf: size = 8162 B / used = 198 B / count = 23 / avg = 8 B

# strcache performance: lookups = 31 / hit rate = 25%
# hash-table stats:
# Load=23/8192=0%, Rehash=0, Collisions=1/31=3%
# Finished Make data base on Fri Dec 10 00:30:58 2021

 
make: *** No rule to make target 'all'.  Stop.
 
